<?xml version="1.0" encoding="UTF-8"?>
<!-- Generated by org.testng.reporters.JUnitXMLReporter -->
<testsuite ignored="0" hostname="LAPTOP-P0F61UV5" failures="0" tests="3" name="JenkiensDemo" time="0.095" errors="0" timestamp="2021-04-15T13:44:39 IST">
  <testcase classname="com.JenkiensDemo.dummy.dummyThree" name="dummyThreeDel" time="0.011"/>
  <testcase classname="com.JenkiensDemo.dummy.dummyOne$NewTestStartedDummy" name="TestClass" time="0.005"/>
  <testcase classname="com.JenkiensDemo.dummy.dummyTwo" name="dummytwodel" time="0.002"/>
</testsuite> <!-- JenkiensDemo -->
