<?xml version="1.0" encoding="UTF-8"?>
<testng-results ignored="0" total="3" passed="3" failed="0" skipped="0">
  <reporter-output>
  </reporter-output>
  <suite started-at="2021-04-15T13:44:39 IST" name="JenkiensDemo" finished-at="2021-04-15T13:44:39 IST" duration-ms="95">
    <groups>
    </groups>
    <test started-at="2021-04-15T13:44:39 IST" name="JenkiensDemo" finished-at="2021-04-15T13:44:39 IST" duration-ms="95">
      <class name="com.JenkiensDemo.dummy.dummyThree">
        <test-method signature="dummyThreeDel()[pri:0, instance:com.JenkiensDemo.dummy.dummyThree@71c3b41]" started-at="2021-04-15T13:44:39 IST" name="dummyThreeDel" finished-at="2021-04-15T13:44:39 IST" duration-ms="11" status="PASS">
          <reporter-output>
          </reporter-output>
        </test-method> <!-- dummyThreeDel -->
      </class> <!-- com.JenkiensDemo.dummy.dummyThree -->
      <class name="com.JenkiensDemo.dummy.dummyTwo">
        <test-method signature="dummytwodel()[pri:0, instance:com.JenkiensDemo.dummy.dummyTwo@236e3f4e]" started-at="2021-04-15T13:44:39 IST" name="dummytwodel" finished-at="2021-04-15T13:44:39 IST" duration-ms="2" status="PASS">
          <reporter-output>
          </reporter-output>
        </test-method> <!-- dummytwodel -->
      </class> <!-- com.JenkiensDemo.dummy.dummyTwo -->
      <class name="com.JenkiensDemo.dummy.dummyOne$NewTestStartedDummy">
        <test-method is-config="true" signature="beforeMethod()[pri:0, instance:com.JenkiensDemo.dummy.dummyOne$NewTestStartedDummy@3cc1435c]" started-at="2021-04-15T13:44:39 IST" name="beforeMethod" finished-at="2021-04-15T13:44:39 IST" duration-ms="2" status="PASS">
          <reporter-output>
          </reporter-output>
        </test-method> <!-- beforeMethod -->
        <test-method signature="TestClass()[pri:0, instance:com.JenkiensDemo.dummy.dummyOne$NewTestStartedDummy@3cc1435c]" started-at="2021-04-15T13:44:39 IST" name="TestClass" finished-at="2021-04-15T13:44:39 IST" duration-ms="5" status="PASS">
          <reporter-output>
          </reporter-output>
        </test-method> <!-- TestClass -->
        <test-method is-config="true" signature="afterMethod()[pri:0, instance:com.JenkiensDemo.dummy.dummyOne$NewTestStartedDummy@3cc1435c]" started-at="2021-04-15T13:44:39 IST" name="afterMethod" finished-at="2021-04-15T13:44:39 IST" duration-ms="1" status="PASS">
          <reporter-output>
          </reporter-output>
        </test-method> <!-- afterMethod -->
      </class> <!-- com.JenkiensDemo.dummy.dummyOne$NewTestStartedDummy -->
    </test> <!-- JenkiensDemo -->
  </suite> <!-- JenkiensDemo -->
</testng-results>
