<?xml version="1.0" encoding="UTF-8"?>
<testng-results ignored="0" total="1" passed="1" failed="0" skipped="0">
  <reporter-output>
  </reporter-output>
  <suite started-at="2021-04-15T02:47:33 IST" name="JenkiensDemo" finished-at="2021-04-15T02:47:33 IST" duration-ms="52">
    <groups>
    </groups>
    <test started-at="2021-04-15T02:47:33 IST" name="JenkiensDemo" finished-at="2021-04-15T02:47:33 IST" duration-ms="52">
      <class name="com.JenkiensDemo.dummy.dummyTwo">
        <test-method signature="dummytwodel()[pri:0, instance:com.JenkiensDemo.dummy.dummyTwo@7c83dc97]" started-at="2021-04-15T02:47:33 IST" name="dummytwodel" finished-at="2021-04-15T02:47:33 IST" duration-ms="0" status="PASS">
          <reporter-output>
          </reporter-output>
        </test-method> <!-- dummytwodel -->
      </class> <!-- com.JenkiensDemo.dummy.dummyTwo -->
    </test> <!-- JenkiensDemo -->
  </suite> <!-- JenkiensDemo -->
</testng-results>
